<?xml version="1.0" encoding="UTF-8"?>
<!-- Generated by org.testng.reporters.JUnitReportReporter -->
<testsuite hostname="vistapc" name="com.pageObject.TestCases" tests="2" failures="0" timestamp="12 Sep 2012 09:46:16 GMT" time="150.013" errors="0">
  <testcase name="assignAllAgent" time="129.162" classname="com.pageObject.TestCases"/>
  <testcase name="loginAdmin" time="20.851" classname="com.pageObject.TestCases"/>
</testsuite> <!-- com.pageObject.TestCases -->
