<?xml version="1.0" encoding="UTF-8"?>
<!-- Generated by org.testng.reporters.JUnitReportReporter -->
<testsuite hostname="SACHIN" name="com.clogic.SeleniumFramework.ClassTest" tests="1" failures="0" timestamp="17 Oct 2012 09:27:55 GMT" time="997.276" errors="0">
  <testcase name="agentPortalRolesTest" time="997.276" classname="com.clogic.SeleniumFramework.ClassTest"/>
</testsuite> <!-- com.clogic.SeleniumFramework.ClassTest -->
